<?xml version="1.0" encoding="UTF-8"?>
<!-- Generated by org.testng.reporters.JUnitReportReporter -->
<testsuite hostname="Radhika-Dell0001" failures="0" tests="1" name="listeners.TestMethod" time="20.983" errors="0" timestamp="2024-02-02T11:26:03 IST" skipped="0">
  <testcase classname="listeners.TestMethod" name="login" time="20.983"/>
</testsuite> <!-- listeners.TestMethod -->
