<?xml version="1.0" encoding="UTF-8"?>
<!-- Generated by org.testng.reporters.JUnitReportReporter -->
<testsuite hostname="Radhika-Dell0001" failures="0" tests="3" name="testNG.DependsOnMethods" time="32.448" errors="0" timestamp="2024-01-26T12:01:44 IST" skipped="0">
  <testcase classname="testNG.DependsOnMethods" name="agoda" time="4.523"/>
  <testcase classname="testNG.DependsOnMethods" name="dws" time="18.567"/>
  <testcase classname="testNG.DependsOnMethods" name="redbus" time="9.358"/>
</testsuite> <!-- testNG.DependsOnMethods -->
