<?xml version="1.0" encoding="UTF-8"?>
<!-- Generated by org.testng.reporters.JUnitReportReporter -->
<testsuite hostname="Radhika-Dell0001" failures="0" tests="6" name="testNG.Day40_Priority_InvocationCount_ThreadPoolSide" time="35.548" errors="0" timestamp="2024-01-24T12:19:36 IST" skipped="0">
  <testcase classname="testNG.Day40_Priority_InvocationCount_ThreadPoolSide" name="royalEnfield" time="6.927"/>
  <testcase classname="testNG.Day40_Priority_InvocationCount_ThreadPoolSide" name="agoda" time="4.579"/>
  <testcase classname="testNG.Day40_Priority_InvocationCount_ThreadPoolSide" name="redbus" time="4.265"/>
  <testcase classname="testNG.Day40_Priority_InvocationCount_ThreadPoolSide" name="dws" time="7.240"/>
  <testcase classname="testNG.Day40_Priority_InvocationCount_ThreadPoolSide" name="dws" time="6.634"/>
  <testcase classname="testNG.Day40_Priority_InvocationCount_ThreadPoolSide" name="bmw" time="5.903"/>
</testsuite> <!-- testNG.Day40_Priority_InvocationCount_ThreadPoolSide -->
