<?xml version="1.0" encoding="UTF-8"?>
<!-- Generated by org.testng.reporters.JUnitReportReporter -->
<testsuite hostname="Radhika-Dell0001" failures="0" tests="1" name="POM.ExecuteDWSHomePage" time="11.156" errors="0" timestamp="2024-02-01T11:10:46 IST" skipped="0">
  <testcase classname="POM.ExecuteDWSHomePage" name="receiver" time="11.156"/>
</testsuite> <!-- POM.ExecuteDWSHomePage -->
