<?xml version="1.0" encoding="UTF-8"?>
<!-- Generated by org.testng.reporters.JUnitReportReporter -->
<testsuite hostname="Radhika-Dell0001" failures="0" tests="1" name="Bikes.Honda" time="18.295" errors="0" timestamp="2024-01-26T11:40:52 IST" skipped="0">
  <testcase classname="Bikes.Honda" name="honda" time="18.295"/>
</testsuite> <!-- Bikes.Honda -->
