<?xml version="1.0" encoding="UTF-8"?>
<!-- Generated by org.testng.reporters.JUnitReportReporter -->
<testsuite hostname="Radhika-Dell0001" failures="0" tests="2" name="parameterization.UrlParameterized" time="17.248" errors="0" timestamp="2024-01-31T10:42:04 IST" skipped="0">
  <testcase classname="parameterization.UrlParameterized" name="dws1" time="6.539"/>
  <testcase classname="parameterization.UrlParameterized" name="dws" time="10.709"/>
</testsuite> <!-- parameterization.UrlParameterized -->
