<?xml version="1.0" encoding="UTF-8"?>
<!-- Generated by org.testng.reporters.JUnitReportReporter -->
<testsuite hostname="Radhika-Dell0001" failures="0" tests="2" name="testNG.DataProviderWithExcel" time="10.045" errors="0" timestamp="2024-01-30T11:29:40 IST" skipped="0">
  <testcase classname="testNG.DataProviderWithExcel" name="receiver" time="5.156"/>
  <testcase classname="testNG.DataProviderWithExcel" name="receiver" time="4.889"/>
</testsuite> <!-- testNG.DataProviderWithExcel -->
