<?xml version="1.0" encoding="UTF-8"?>
<!-- Generated by org.testng.reporters.JUnitReportReporter -->
<testsuite hostname="Radhika-Dell0001" failures="0" tests="1" name="Bikes.RoyalEnfield" time="5.168" errors="0" timestamp="2024-01-26T11:35:21 IST" skipped="0">
  <testcase classname="Bikes.RoyalEnfield" name="royalEnfield" time="5.168"/>
</testsuite> <!-- Bikes.RoyalEnfield -->
