<?xml version="1.0" encoding="UTF-8"?>
<!-- Generated by org.testng.reporters.JUnitReportReporter -->
<testsuite hostname="Radhika-Dell0001" failures="0" tests="1" name="Bikes.TVS" time="5.421" errors="0" timestamp="2024-01-26T11:36:29 IST" skipped="0">
  <testcase classname="Bikes.TVS" name="tvs" time="5.421"/>
</testsuite> <!-- Bikes.TVS -->
