<?xml version="1.0" encoding="UTF-8"?>
<!-- Generated by org.testng.reporters.JUnitReportReporter -->
<testsuite hostname="Radhika-Dell0001" failures="0" tests="2" name="testNG.DynamicRowCell" time="7.688" errors="0" timestamp="2024-01-30T12:15:15 IST" skipped="0">
  <testcase classname="testNG.DynamicRowCell" name="receiver" time="5.083"/>
  <testcase classname="testNG.DynamicRowCell" name="receiver" time="2.605"/>
</testsuite> <!-- testNG.DynamicRowCell -->
