<?xml version="1.0" encoding="UTF-8"?>
<!-- Generated by org.testng.reporters.JUnitReportReporter -->
<testsuite hostname="Radhika-Dell0001" failures="0" tests="1" name="testNG.FetchingDataFromExcel" time="29.326" errors="0" timestamp="2024-01-30T10:54:17 IST" skipped="0">
  <testcase classname="testNG.FetchingDataFromExcel" name="loginDWS" time="29.326"/>
</testsuite> <!-- testNG.FetchingDataFromExcel -->
