<?xml version="1.0" encoding="UTF-8"?>
<!-- Generated by org.testng.reporters.JUnitReportReporter -->
<testsuite hostname="Radhika-Dell0001" failures="0" tests="1" name="testNG.Day40_TestNGAndMain" time="8.847" errors="0" timestamp="2024-01-24T12:12:24 IST" skipped="0">
  <testcase classname="testNG.Day40_TestNGAndMain" name="royalEnfield" time="8.847"/>
</testsuite> <!-- testNG.Day40_TestNGAndMain -->
