<?xml version="1.0" encoding="UTF-8"?>
<!-- Generated by org.testng.reporters.JUnitReportReporter -->
<testsuite hostname="Radhika-Dell0001" failures="0" tests="2" name="testNG.DataProviderSenderAndReceiver" time="12.390" errors="0" timestamp="2024-01-29T11:59:27 IST" skipped="0">
  <testcase classname="testNG.DataProviderSenderAndReceiver" name="receiver" time="3.000"/>
  <testcase classname="testNG.DataProviderSenderAndReceiver" name="receiver" time="9.390"/>
</testsuite> <!-- testNG.DataProviderSenderAndReceiver -->
