<?xml version="1.0" encoding="UTF-8"?>
<!-- Generated by org.testng.reporters.JUnitReportReporter -->
<testsuite hostname="Radhika-Dell0001" failures="0" tests="1" name="testNG.Day41_AddToCartByChronologicalOrder" time="7.349" errors="0" timestamp="2024-01-25T12:00:39 IST" skipped="0">
  <testcase classname="testNG.Day41_AddToCartByChronologicalOrder" name="addToCart" time="7.349"/>
</testsuite> <!-- testNG.Day41_AddToCartByChronologicalOrder -->
