<?xml version="1.0" encoding="UTF-8"?>
<!-- Generated by org.testng.reporters.JUnitReportReporter -->
<testsuite hostname="Radhika-Dell0001" failures="0" tests="2" name="testNG.ChronologicalOrder" time="0.045" errors="0" timestamp="2024-01-25T10:52:14 IST" skipped="0">
  <testcase classname="testNG.ChronologicalOrder" name="test" time="0.033"/>
  <testcase classname="testNG.ChronologicalOrder" name="test123" time="0.012"/>
</testsuite> <!-- testNG.ChronologicalOrder -->
