<?xml version="1.0" encoding="UTF-8"?>
<!-- Generated by org.testng.reporters.JUnitReportReporter -->
<testsuite hostname="Radhika-Dell0001" failures="0" tests="1" name="parameterization.DifferentBrowsersUsingParameters" time="12.232" errors="0" timestamp="2024-01-31T11:08:10 IST" skipped="0">
  <testcase classname="parameterization.DifferentBrowsersUsingParameters" name="browsers" time="12.232">
    <system-out>
      <![CDATA[edgedriver]]>
    </system-out>
  </testcase> <!-- browsers -->
  <system-out>
    <![CDATA[edgedriver]]>
  </system-out>
</testsuite> <!-- parameterization.DifferentBrowsersUsingParameters -->
