<?xml version="1.0" encoding="UTF-8"?>
<!-- Generated by org.testng.reporters.JUnitReportReporter -->
<testsuite hostname="Radhika-Dell0001" failures="0" tests="1" name="Bikes.Bajaj" time="11.038" errors="0" timestamp="2024-01-26T11:36:29 IST" skipped="0">
  <testcase classname="Bikes.Bajaj" name="bajaj" time="11.038"/>
</testsuite> <!-- Bikes.Bajaj -->
