<?xml version="1.0" encoding="UTF-8"?>
<!-- Generated by org.testng.reporters.JUnitReportReporter -->
<testsuite hostname="Radhika-Dell0001" failures="0" tests="3" name="testNG.Day40_TestNGExample" time="0.143" errors="0" timestamp="2024-01-24T11:12:59 IST" skipped="0">
  <testcase classname="testNG.Day40_TestNGExample" name="cat" time="0.057"/>
  <testcase classname="testNG.Day40_TestNGExample" name="test" time="0.079"/>
  <testcase classname="testNG.Day40_TestNGExample" name="dws" time="0.007">
    <system-out>
      <![CDATA[dws]]>
    </system-out>
  </testcase> <!-- dws -->
  <system-out>
    <![CDATA[dws]]>
  </system-out>
</testsuite> <!-- testNG.Day40_TestNGExample -->
